23-Feb-2019 07:00:41.173 INFO [main] org.apache.catalina.startup.VersionLoggerListener.log Server version name:   Apache Tomcat/9.0.16
23-Feb-2019 07:00:41.176 INFO [main] org.apache.catalina.startup.VersionLoggerListener.log Server built:          Feb 4 2019 16:30:29 UTC
23-Feb-2019 07:00:41.176 INFO [main] org.apache.catalina.startup.VersionLoggerListener.log Server version number: 9.0.16.0
23-Feb-2019 07:00:41.177 INFO [main] org.apache.catalina.startup.VersionLoggerListener.log OS Name:               Linux
23-Feb-2019 07:00:41.177 INFO [main] org.apache.catalina.startup.VersionLoggerListener.log OS Version:            4.9.125-linuxkit
23-Feb-2019 07:00:41.177 INFO [main] org.apache.catalina.startup.VersionLoggerListener.log Architecture:          amd64
23-Feb-2019 07:00:41.177 INFO [main] org.apache.catalina.startup.VersionLoggerListener.log Java Home:             /usr/lib/jvm/java-1.8.0-openjdk-1.8.0.191.b12-1.el7_6.x86_64/jre
23-Feb-2019 07:00:41.177 INFO [main] org.apache.catalina.startup.VersionLoggerListener.log JVM Version:           1.8.0_191-b12
23-Feb-2019 07:00:41.177 INFO [main] org.apache.catalina.startup.VersionLoggerListener.log JVM Vendor:            Oracle Corporation
23-Feb-2019 07:00:41.177 INFO [main] org.apache.catalina.startup.VersionLoggerListener.log CATALINA_BASE:         /opt/apache-tomcat-9.0.16
23-Feb-2019 07:00:41.177 INFO [main] org.apache.catalina.startup.VersionLoggerListener.log CATALINA_HOME:         /opt/apache-tomcat-9.0.16
23-Feb-2019 07:00:41.178 INFO [main] org.apache.catalina.startup.VersionLoggerListener.log Command line argument: -Djava.util.logging.config.file=/opt/apache-tomcat-9.0.16/conf/logging.properties
23-Feb-2019 07:00:41.178 INFO [main] org.apache.catalina.startup.VersionLoggerListener.log Command line argument: -Djava.util.logging.manager=org.apache.juli.ClassLoaderLogManager
23-Feb-2019 07:00:41.178 INFO [main] org.apache.catalina.startup.VersionLoggerListener.log Command line argument: -Djdk.tls.ephemeralDHKeySize=2048
23-Feb-2019 07:00:41.179 INFO [main] org.apache.catalina.startup.VersionLoggerListener.log Command line argument: -Djava.protocol.handler.pkgs=org.apache.catalina.webresources
23-Feb-2019 07:00:41.179 INFO [main] org.apache.catalina.startup.VersionLoggerListener.log Command line argument: -Dorg.apache.catalina.security.SecurityListener.UMASK=0027
23-Feb-2019 07:00:41.179 INFO [main] org.apache.catalina.startup.VersionLoggerListener.log Command line argument: -Dignore.endorsed.dirs=
23-Feb-2019 07:00:41.179 INFO [main] org.apache.catalina.startup.VersionLoggerListener.log Command line argument: -Dcatalina.base=/opt/apache-tomcat-9.0.16
23-Feb-2019 07:00:41.180 INFO [main] org.apache.catalina.startup.VersionLoggerListener.log Command line argument: -Dcatalina.home=/opt/apache-tomcat-9.0.16
23-Feb-2019 07:00:41.180 INFO [main] org.apache.catalina.startup.VersionLoggerListener.log Command line argument: -Djava.io.tmpdir=/opt/apache-tomcat-9.0.16/temp
23-Feb-2019 07:00:41.180 INFO [main] org.apache.catalina.core.AprLifecycleListener.lifecycleEvent The APR based Apache Tomcat Native library which allows optimal performance in production environments was not found on the java.library.path: [/usr/java/packages/lib/amd64:/usr/lib64:/lib64:/lib:/usr/lib]
23-Feb-2019 07:00:41.295 INFO [main] org.apache.coyote.AbstractProtocol.init Initializing ProtocolHandler ["http-nio-8080"]
23-Feb-2019 07:00:41.323 INFO [main] org.apache.coyote.AbstractProtocol.init Initializing ProtocolHandler ["ajp-nio-8009"]
23-Feb-2019 07:00:41.325 INFO [main] org.apache.catalina.startup.Catalina.load Server initialization in [606] milliseconds
23-Feb-2019 07:00:41.404 INFO [main] org.apache.catalina.core.StandardService.startInternal Starting service [Catalina]
23-Feb-2019 07:00:41.405 INFO [main] org.apache.catalina.core.StandardEngine.startInternal Starting Servlet engine: [Apache Tomcat/9.0.16]
23-Feb-2019 07:00:41.417 INFO [main] org.apache.catalina.startup.HostConfig.deployDirectory Deploying web application directory [/opt/apache-tomcat-9.0.16/webapps/manager]
23-Feb-2019 07:00:41.812 INFO [main] org.apache.catalina.startup.HostConfig.deployDirectory Deployment of web application directory [/opt/apache-tomcat-9.0.16/webapps/manager] has finished in [394] ms
23-Feb-2019 07:00:41.813 INFO [main] org.apache.catalina.startup.HostConfig.deployDirectory Deploying web application directory [/opt/apache-tomcat-9.0.16/webapps/ROOT]
23-Feb-2019 07:00:41.825 INFO [main] org.apache.catalina.startup.HostConfig.deployDirectory Deployment of web application directory [/opt/apache-tomcat-9.0.16/webapps/ROOT] has finished in [12] ms
23-Feb-2019 07:00:41.825 INFO [main] org.apache.catalina.startup.HostConfig.deployDirectory Deploying web application directory [/opt/apache-tomcat-9.0.16/webapps/host-manager]
23-Feb-2019 07:00:41.839 INFO [main] org.apache.catalina.startup.HostConfig.deployDirectory Deployment of web application directory [/opt/apache-tomcat-9.0.16/webapps/host-manager] has finished in [13] ms
23-Feb-2019 07:00:41.839 INFO [main] org.apache.catalina.startup.HostConfig.deployDirectory Deploying web application directory [/opt/apache-tomcat-9.0.16/webapps/examples]
23-Feb-2019 07:00:42.058 INFO [main] org.apache.catalina.startup.HostConfig.deployDirectory Deployment of web application directory [/opt/apache-tomcat-9.0.16/webapps/examples] has finished in [219] ms
23-Feb-2019 07:00:42.059 INFO [main] org.apache.catalina.startup.HostConfig.deployDirectory Deploying web application directory [/opt/apache-tomcat-9.0.16/webapps/docs]
23-Feb-2019 07:00:42.080 INFO [main] org.apache.catalina.startup.HostConfig.deployDirectory Deployment of web application directory [/opt/apache-tomcat-9.0.16/webapps/docs] has finished in [21] ms
23-Feb-2019 07:00:42.085 INFO [main] org.apache.coyote.AbstractProtocol.start Starting ProtocolHandler ["http-nio-8080"]
23-Feb-2019 07:00:42.098 INFO [main] org.apache.coyote.AbstractProtocol.start Starting ProtocolHandler ["ajp-nio-8009"]
23-Feb-2019 07:00:42.101 INFO [main] org.apache.catalina.startup.Catalina.start Server startup in [775] milliseconds
